[debug] [2021-06-26T18:52:15.829Z] ----------------------------------------------------------------------
[debug] [2021-06-26T18:52:15.831Z] Command:       C:\Program Files\nodejs\node.exe C:\Users\Julia\AppData\Local\Yarn\Data\global\node_modules\firebase-tools\lib\bin\firebase.js init
[debug] [2021-06-26T18:52:15.831Z] CLI Version:   9.14.0
[debug] [2021-06-26T18:52:15.831Z] Platform:      win32
[debug] [2021-06-26T18:52:15.831Z] Node Version:  v14.17.0
[debug] [2021-06-26T18:52:15.832Z] Time:          Sat Jun 26 2021 15:52:15 GMT-0300 (Horário Padrão de Brasília)
[debug] [2021-06-26T18:52:15.832Z] ----------------------------------------------------------------------
[debug] 
[debug] [2021-06-26T18:52:15.837Z] > command requires scopes: ["email","openid","https://www.googleapis.com/auth/cloudplatformprojects.readonly","https://www.googleapis.com/auth/firebase","https://www.googleapis.com/auth/cloud-platform"]
[debug] [2021-06-26T18:52:15.837Z] > authorizing via signed-in user (julialbritto@gmail.com)
[info] 
     ######## #### ########  ######## ########     ###     ######  ########
     ##        ##  ##     ## ##       ##     ##  ##   ##  ##       ##
     ######    ##  ########  ######   ########  #########  ######  ######
     ##        ##  ##    ##  ##       ##     ## ##     ##       ## ##
     ##       #### ##     ## ######## ########  ##     ##  ######  ########

You're about to initialize a Firebase project in this directory:

  C:\Users\Julia\Desktop\NLW\letmeask

[info] 
=== Project Setup
[info] 
[info] First, let's associate this project directory with a Firebase project.
[info] You can create multiple project aliases by running firebase use --add, 
[info] but for now we'll just set up a default project.
[info] 
[debug] [2021-06-26T18:53:07.394Z] >>> [apiv2][query] GET https://firebase.googleapis.com/v1beta1/projects pageSize=100
[debug] [2021-06-26T18:53:08.513Z] <<< [apiv2][status] GET https://firebase.googleapis.com/v1beta1/projects 200
[debug] [2021-06-26T18:53:08.513Z] <<< [apiv2][body] GET https://firebase.googleapis.com/v1beta1/projects [omitted]
[info] i  Using project letmeask-f3a8f (letmeask) 
[info] 
=== Database Setup
[info] i  database: ensuring required API firebasedatabase.googleapis.com is enabled... 
[debug] [2021-06-26T18:53:10.018Z] > refreshing access token with scopes: ["email","https://www.googleapis.com/auth/cloud-platform","https://www.googleapis.com/auth/cloudplatformprojects.readonly","https://www.googleapis.com/auth/firebase","openid"]
[debug] [2021-06-26T18:53:10.019Z] >>> HTTP REQUEST POST https://www.googleapis.com/oauth2/v3/token  
 <request body omitted>
[debug] [2021-06-26T18:53:10.175Z] <<< HTTP RESPONSE 200 {"cache-control":"no-cache, no-store, max-age=0, must-revalidate","pragma":"no-cache","expires":"Mon, 01 Jan 1990 00:00:00 GMT","date":"Sat, 26 Jun 2021 18:53:11 GMT","content-type":"application/json; charset=utf-8","vary":"X-Origin, Referer, Origin,Accept-Encoding","server":"scaffolding on HTTPServer2","x-xss-protection":"0","x-frame-options":"SAMEORIGIN","x-content-type-options":"nosniff","alt-svc":"h3=\":443\"; ma=2592000,h3-29=\":443\"; ma=2592000,h3-T051=\":443\"; ma=2592000,h3-Q050=\":443\"; ma=2592000,h3-Q046=\":443\"; ma=2592000,h3-Q043=\":443\"; ma=2592000,quic=\":443\"; ma=2592000; v=\"46,43\"","accept-ranges":"none","transfer-encoding":"chunked"}
[debug] [2021-06-26T18:53:10.215Z] >>> HTTP REQUEST GET https://serviceusage.googleapis.com/v1/projects/letmeask-f3a8f/services/firebasedatabase.googleapis.com  
 
[debug] [2021-06-26T18:53:11.290Z] <<< HTTP RESPONSE 200 {"content-type":"application/json; charset=UTF-8","vary":"X-Origin, Referer, Origin,Accept-Encoding","date":"Sat, 26 Jun 2021 18:53:12 GMT","server":"ESF","cache-control":"private","x-xss-protection":"0","x-frame-options":"SAMEORIGIN","x-content-type-options":"nosniff","alt-svc":"h3=\":443\"; ma=2592000,h3-29=\":443\"; ma=2592000,h3-T051=\":443\"; ma=2592000,h3-Q050=\":443\"; ma=2592000,h3-Q046=\":443\"; ma=2592000,h3-Q043=\":443\"; ma=2592000,quic=\":443\"; ma=2592000; v=\"46,43\"","accept-ranges":"none","transfer-encoding":"chunked"}
[info] +  database: required API firebasedatabase.googleapis.com is enabled 
[info] 
[debug] [2021-06-26T18:53:11.295Z] >>> HTTP REQUEST GET https://firebasedatabase.googleapis.com/v1beta/projects/letmeask-f3a8f/locations/-/instances/letmeask-f3a8f-default-rtdb  
 
[debug] [2021-06-26T18:53:12.580Z] <<< HTTP RESPONSE 200 {"content-type":"application/json; charset=UTF-8","vary":"X-Origin, Referer, Origin,Accept-Encoding","date":"Sat, 26 Jun 2021 18:53:13 GMT","server":"ESF","cache-control":"private","x-xss-protection":"0","x-frame-options":"SAMEORIGIN","x-content-type-options":"nosniff","alt-svc":"h3=\":443\"; ma=2592000,h3-29=\":443\"; ma=2592000,h3-T051=\":443\"; ma=2592000,h3-Q050=\":443\"; ma=2592000,h3-Q046=\":443\"; ma=2592000,h3-Q043=\":443\"; ma=2592000,quic=\":443\"; ma=2592000; v=\"46,43\"","accept-ranges":"none","transfer-encoding":"chunked"}
[info] 
[info] Firebase Realtime Database Security Rules allow you to define how your data should be
[info] structured and when your data can be read from and written to.
[info] 
[debug] [2021-06-26T18:53:25.593Z] >>> HTTP REQUEST GET https://letmeask-f3a8f-default-rtdb.firebaseio.com/.settings/rules.json  
 
[debug] [2021-06-26T18:53:26.330Z] <<< HTTP RESPONSE 200 {"server":"nginx","date":"Sat, 26 Jun 2021 18:53:27 GMT","content-type":"application/json; charset=utf-8","content-length":"875","connection":"keep-alive","access-control-allow-origin":"*","cache-control":"no-cache","strict-transport-security":"max-age=31556926; includeSubDomains; preload"}
[info] +  Database Rules for letmeask-f3a8f-default-rtdb have been written to database.rules.json. 
[info] Future modifications to database.rules.json will update Realtime Database Security Rules when you run
[info] firebase deploy.
[info] 
=== Hosting Setup
[info] 
[info] Your public directory is the folder (relative to your project directory) that
[info] will contain Hosting assets to be uploaded with firebase deploy. If you
[info] have a build process for your assets, use your build's output directory.
[info] 
[debug] [2021-06-26T18:55:14.575Z] >>> [apiv2][query] GET https://www.gstatic.com/firebasejs/releases.json [none]
[debug] [2021-06-26T18:55:14.670Z] <<< [apiv2][status] GET https://www.gstatic.com/firebasejs/releases.json 200
[debug] [2021-06-26T18:55:14.671Z] <<< [apiv2][body] GET https://www.gstatic.com/firebasejs/releases.json {"current":{"version":"8.6.8","browserURL":"https://www.gstatic.com/firebasejs/8.6.8/firebase.js","packageURL":"https://www.gstatic.com/firebasejs/8.6.8/firebase.tgz"},"live":{"version":"8.6","browserURL":"https://www.gstatic.com/firebasejs/live/8.6/firebase.js","packageURL":"https://www.gstatic.com/firebasejs/live/8.6/firebase.tgz"},"components":{"analytics":"https://www.gstatic.com/firebasejs/8.6.8/firebase-analytics.js","app":"https://www.gstatic.com/firebasejs/8.6.8/firebase-app.js","app-check":"https://www.gstatic.com/firebasejs/8.6.8/firebase-app-check.js","auth":"https://www.gstatic.com/firebasejs/8.6.8/firebase-auth.js","database":"https://www.gstatic.com/firebasejs/8.6.8/firebase-database.js","firestore":"https://www.gstatic.com/firebasejs/8.6.8/firebase-firestore.js","functions":"https://www.gstatic.com/firebasejs/8.6.8/firebase-functions.js","installations":"https://www.gstatic.com/firebasejs/8.6.8/firebase-installations.js","messaging":"https://www.gstatic.com/firebasejs/8.6.8/firebase-messaging.js","storage":"https://www.gstatic.com/firebasejs/8.6.8/firebase-storage.js","performance":"https://www.gstatic.com/firebasejs/8.6.8/firebase-performance.js","remote-config":"https://www.gstatic.com/firebasejs/8.6.8/firebase-remote-config.js","firestore.memory":"https://www.gstatic.com/firebasejs/8.6.8/firebase-firestore.memory.js"}}
[info] +  Wrote build/index.html 
[info] 
[info] i  Detected a .git folder at C:\Users\Julia\Desktop\NLW\letmeask 
[info] i  Authorizing with GitHub to upload your service account to a GitHub repository's secrets store. 
[info] 
[info] Visit this URL on this device to log in:
[info] https://github.com/login/oauth/authorize?client_id=89cf50f02ac6aaed3484&state=843311155&redirect_uri=http%3A%2F%2Flocalhost%3A9005&scope=read%3Auser%20repo%20public_repo
[info] 
[info] Waiting for authentication...
[debug] [2021-06-26T18:55:23.864Z] >>> HTTP REQUEST POST https://github.com/login/oauth/access_token  
 {"client_id":"89cf50f02ac6aaed3484","client_secret":"3330d14abc895d9a74d5f17cd7a00711fa2c5bf0","code":"0f0caa35a0356944462d","redirect_uri":"http://localhost:9005","state":"843311155"}
[debug] [2021-06-26T18:55:24.319Z] <<< HTTP RESPONSE 200 {"server":"GitHub.com","date":"Sat, 26 Jun 2021 18:55:25 GMT","content-type":"application/json; charset=utf-8","transfer-encoding":"chunked","vary":"X-PJAX, Accept-Encoding, Accept, X-Requested-With","permissions-policy":"interest-cohort=()","etag":"W/\"6e9e25795db12416c5c88d726e5007c1\"","cache-control":"max-age=0, private, must-revalidate","strict-transport-security":"max-age=31536000; includeSubdomains; preload","x-frame-options":"deny","x-content-type-options":"nosniff","x-xss-protection":"0","referrer-policy":"origin-when-cross-origin, strict-origin-when-cross-origin","expect-ct":"max-age=2592000, report-uri=\"https://api.github.com/_private/browser/errors\"","content-security-policy":"default-src 'none'; base-uri 'self'; block-all-mixed-content; connect-src 'self' uploads.github.com www.githubstatus.com collector.githubapp.com api.github.com github-cloud.s3.amazonaws.com github-production-repository-file-5c1aeb.s3.amazonaws.com github-production-upload-manifest-file-7fdce7.s3.amazonaws.com github-production-user-asset-6210df.s3.amazonaws.com cdn.optimizely.com logx.optimizely.com/v1/events translator.github.com wss://alive.github.com; font-src github.githubassets.com; form-action 'self' github.com gist.github.com; frame-ancestors 'none'; frame-src render.githubusercontent.com render-temp.githubusercontent.com viewscreen.githubusercontent.com; img-src 'self' data: github.githubassets.com identicons.github.com collector.githubapp.com github-cloud.s3.amazonaws.com secured-user-images.githubusercontent.com/ *.githubusercontent.com; manifest-src 'self'; media-src 'none'; script-src github.githubassets.com; style-src 'unsafe-inline' github.githubassets.com; worker-src github.com/socket-worker-3f088aa2.js gist.github.com/socket-worker-3f088aa2.js","x-github-request-id":"A7DE:7A64:F09E9B:138B649:60D7781D"}
[debug] [2021-06-26T18:55:24.332Z] >>> [apiv2][query] GET https://api.github.com/user [none]
[debug] [2021-06-26T18:55:24.845Z] <<< [apiv2][status] GET https://api.github.com/user 200
[debug] [2021-06-26T18:55:24.846Z] <<< [apiv2][body] GET https://api.github.com/user {"login":"LiajuX","id":53796370,"node_id":"MDQ6VXNlcjUzNzk2Mzcw","avatar_url":"https://avatars.githubusercontent.com/u/53796370?v=4","gravatar_id":"","url":"https://api.github.com/users/LiajuX","html_url":"https://github.com/LiajuX","followers_url":"https://api.github.com/users/LiajuX/followers","following_url":"https://api.github.com/users/LiajuX/following{/other_user}","gists_url":"https://api.github.com/users/LiajuX/gists{/gist_id}","starred_url":"https://api.github.com/users/LiajuX/starred{/owner}{/repo}","subscriptions_url":"https://api.github.com/users/LiajuX/subscriptions","organizations_url":"https://api.github.com/users/LiajuX/orgs","repos_url":"https://api.github.com/users/LiajuX/repos","events_url":"https://api.github.com/users/LiajuX/events{/privacy}","received_events_url":"https://api.github.com/users/LiajuX/received_events","type":"User","site_admin":false,"name":"Júlia Brito","company":null,"blog":"","location":"São Paulo, Brasil","email":null,"hireable":null,"bio":null,"twitter_username":null,"public_repos":30,"public_gists":0,"followers":5,"following":7,"created_at":"2019-08-05T20:23:30Z","updated_at":"2021-06-26T18:55:24Z","private_gists":0,"total_private_repos":3,"owned_private_repos":3,"disk_usage":33771,"collaborators":1,"two_factor_authentication":false,"plan":{"name":"pro","space":976562499,"collaborators":0,"private_repos":9999}}
[info] 
[info] +  Success! Logged into GitHub as LiajuX 
[info] 
